\BOOKMARK [0][-]{chapter.1}{\376\377\000H\000i\000e\000r\000a\000r\000c\000h\000i\000c\000a\000l\000\040\000I\000n\000d\000e\000x}{}% 1
\BOOKMARK [1][-]{section.1.1}{\376\377\000C\000l\000a\000s\000s\000\040\000H\000i\000e\000r\000a\000r\000c\000h\000y}{chapter.1}% 2
\BOOKMARK [0][-]{chapter.2}{\376\377\000C\000l\000a\000s\000s\000\040\000I\000n\000d\000e\000x}{}% 3
\BOOKMARK [1][-]{section.2.1}{\376\377\000C\000l\000a\000s\000s\000\040\000L\000i\000s\000t}{chapter.2}% 4
\BOOKMARK [0][-]{chapter.3}{\376\377\000F\000i\000l\000e\000\040\000I\000n\000d\000e\000x}{}% 5
\BOOKMARK [1][-]{section.3.1}{\376\377\000F\000i\000l\000e\000\040\000L\000i\000s\000t}{chapter.3}% 6
\BOOKMARK [0][-]{chapter.4}{\376\377\000C\000l\000a\000s\000s\000\040\000D\000o\000c\000u\000m\000e\000n\000t\000a\000t\000i\000o\000n}{}% 7
\BOOKMARK [1][-]{section.4.1}{\376\377\000C\000T\000A\000p\000p\000D\000e\000l\000e\000g\000a\000t\000e\000\040\000C\000l\000a\000s\000s\000\040\000R\000e\000f\000e\000r\000e\000n\000c\000e}{chapter.4}% 8
\BOOKMARK [2][-]{subsection.4.1.1}{\376\377\000M\000e\000t\000h\000o\000d\000\040\000D\000o\000c\000u\000m\000e\000n\000t\000a\000t\000i\000o\000n}{section.4.1}% 9
\BOOKMARK [3][-]{subsubsection.4.1.1.1}{\376\377\000c\000l\000e\000a\000r\000C\000o\000n\000s\000o\000l\000e\000:}{subsection.4.1.1}% 10
\BOOKMARK [3][-]{subsubsection.4.1.1.2}{\376\377\000c\000o\000n\000v\000e\000r\000t\000N\000S\000S\000t\000r\000i\000n\000g\000T\000o\000U\000I\000n\000t\0001\0006}{subsection.4.1.1}% 11
\BOOKMARK [3][-]{subsubsection.4.1.1.3}{\376\377\000c\000o\000n\000v\000e\000r\000t\000N\000S\000S\000t\000r\000i\000n\000g\000T\000o\000U\000I\000n\000t\0008}{subsection.4.1.1}% 12
\BOOKMARK [3][-]{subsubsection.4.1.1.4}{\376\377\000d\000o\000B\000u\000l\000k\000T\000r\000a\000n\000s\000f\000e\000r\000:}{subsection.4.1.1}% 13
\BOOKMARK [3][-]{subsubsection.4.1.1.5}{\376\377\000d\000o\000U\000S\000B\000C\000o\000n\000t\000r\000o\000l\000T\000r\000a\000n\000s\000f\000e\000r\000:}{subsection.4.1.1}% 14
\BOOKMARK [3][-]{subsubsection.4.1.1.6}{\376\377\000l\000i\000s\000t\000A\000l\000l\000A\000t\000t\000a\000c\000h\000e\000d\000U\000S\000B\000D\000e\000v\000i\000c\000e\000s\000:}{subsection.4.1.1}% 15
\BOOKMARK [3][-]{subsubsection.4.1.1.7}{\376\377\000p\000r\000i\000n\000t\000D\000a\000t\000a\000:\000l\000e\000n\000g\000t\000h\000:}{subsection.4.1.1}% 16
\BOOKMARK [3][-]{subsubsection.4.1.1.8}{\376\377\000p\000r\000i\000n\000t\000H\000e\000x\000F\000r\000o\000m\000D\000a\000t\000a\000:\000l\000e\000n\000g\000t\000h\000:}{subsection.4.1.1}% 17
\BOOKMARK [3][-]{subsubsection.4.1.1.9}{\376\377\000p\000r\000i\000n\000t\000L\000i\000b\000U\000S\000B\000E\000r\000r\000o\000r\000:\000w\000i\000t\000h\000O\000p\000e\000r\000a\000t\000i\000o\000n\000:}{subsection.4.1.1}% 18
\BOOKMARK [3][-]{subsubsection.4.1.1.10}{\376\377\000p\000r\000i\000n\000t\000P\000l\000a\000i\000n\000T\000e\000x\000t\000F\000r\000o\000m\000D\000a\000t\000a\000:\000l\000e\000n\000g\000t\000h\000:}{subsection.4.1.1}% 19
\BOOKMARK [3][-]{subsubsection.4.1.1.11}{\376\377\000p\000r\000i\000n\000t\000S\000t\000r\000i\000n\000g\000:}{subsection.4.1.1}% 20
\BOOKMARK [2][-]{subsection.4.1.2}{\376\377\000M\000e\000m\000b\000e\000r\000\040\000D\000a\000t\000a\000\040\000D\000o\000c\000u\000m\000e\000n\000t\000a\000t\000i\000o\000n}{section.4.1}% 21
\BOOKMARK [3][-]{subsubsection.4.1.2.1}{\376\377\000a\000l\000l\000U\000S\000B\000D\000e\000v\000i\000c\000e\000s}{subsection.4.1.2}% 22
\BOOKMARK [3][-]{subsubsection.4.1.2.2}{\376\377\000c\000o\000n\000s\000o\000l\000e\000T\000e\000x\000t\000V\000i\000e\000w}{subsection.4.1.2}% 23
\BOOKMARK [3][-]{subsubsection.4.1.2.3}{\376\377\000i\000n\000p\000u\000t\000T\000e\000x\000t\000S\000t\000o\000r\000a\000g\000e}{subsection.4.1.2}% 24
\BOOKMARK [3][-]{subsubsection.4.1.2.4}{\376\377\000i\000n\000p\000u\000t\000T\000e\000x\000t\000V\000i\000e\000w}{subsection.4.1.2}% 25
\BOOKMARK [3][-]{subsubsection.4.1.2.5}{\376\377\000m\000a\000i\000n\000W\000i\000n\000d\000o\000w}{subsection.4.1.2}% 26
\BOOKMARK [3][-]{subsubsection.4.1.2.6}{\376\377\000n\000u\000m\000b\000e\000r\000O\000f\000U\000S\000B\000D\000e\000v\000i\000c\000e\000s}{subsection.4.1.2}% 27
\BOOKMARK [3][-]{subsubsection.4.1.2.7}{\376\377\000o\000u\000t\000p\000u\000t\000T\000e\000x\000t\000S\000t\000o\000r\000a\000g\000e}{subsection.4.1.2}% 28
\BOOKMARK [3][-]{subsubsection.4.1.2.8}{\376\377\000t\000h\000e\000U\000S\000B\000D\000e\000v\000i\000c\000e}{subsection.4.1.2}% 29
\BOOKMARK [3][-]{subsubsection.4.1.2.9}{\376\377\000U\000S\000B\000D\000e\000v\000i\000c\000e\000H\000a\000n\000d\000l\000e}{subsection.4.1.2}% 30
\BOOKMARK [3][-]{subsubsection.4.1.2.10}{\376\377\000u\000s\000e\000r\000D\000e\000f\000a\000u\000l\000t\000s\000C\000o\000n\000t\000r\000o\000l\000l\000e\000r}{subsection.4.1.2}% 31
\BOOKMARK [2][-]{subsection.4.1.3}{\376\377\000P\000r\000o\000p\000e\000r\000t\000y\000\040\000D\000o\000c\000u\000m\000e\000n\000t\000a\000t\000i\000o\000n}{section.4.1}% 32
\BOOKMARK [3][-]{subsubsection.4.1.3.1}{\376\377\000b\000u\000l\000k\000T\000r\000a\000n\000s\000f\000e\000r\000D\000i\000r\000e\000c\000t\000i\000o\000n}{subsection.4.1.3}% 33
\BOOKMARK [3][-]{subsubsection.4.1.3.2}{\376\377\000b\000u\000l\000k\000T\000r\000a\000n\000s\000f\000e\000r\000E\000n\000d\000p\000o\000i\000n\000t}{subsection.4.1.3}% 34
\BOOKMARK [3][-]{subsubsection.4.1.3.3}{\376\377\000b\000u\000l\000k\000T\000r\000a\000n\000s\000f\000e\000r\000L\000e\000n\000g\000t\000h}{subsection.4.1.3}% 35
\BOOKMARK [3][-]{subsubsection.4.1.3.4}{\376\377\000c\000o\000n\000s\000o\000l\000e\000B\000a\000c\000k\000g\000r\000o\000u\000n\000d\000C\000o\000l\000o\000r}{subsection.4.1.3}% 36
\BOOKMARK [3][-]{subsubsection.4.1.3.5}{\376\377\000c\000o\000n\000s\000o\000l\000e\000D\000a\000t\000a\000T\000e\000x\000t\000C\000o\000l\000o\000r}{subsection.4.1.3}% 37
\BOOKMARK [3][-]{subsubsection.4.1.3.6}{\376\377\000c\000o\000n\000s\000o\000l\000e\000E\000r\000r\000o\000r\000T\000e\000x\000t\000C\000o\000l\000o\000r}{subsection.4.1.3}% 38
\BOOKMARK [3][-]{subsubsection.4.1.3.7}{\376\377\000c\000o\000n\000s\000o\000l\000e\000I\000n\000f\000o\000r\000m\000a\000t\000i\000o\000n\000T\000e\000x\000t\000C\000o\000l\000o\000r}{subsection.4.1.3}% 39
\BOOKMARK [3][-]{subsubsection.4.1.3.8}{\376\377\000c\000o\000n\000t\000r\000o\000l\000T\000r\000a\000n\000s\000f\000e\000r\000I\000n\000d\000e\000x}{subsection.4.1.3}% 40
\BOOKMARK [3][-]{subsubsection.4.1.3.9}{\376\377\000c\000o\000n\000t\000r\000o\000l\000T\000r\000a\000n\000s\000f\000e\000r\000L\000e\000n\000g\000t\000h}{subsection.4.1.3}% 41
\BOOKMARK [3][-]{subsubsection.4.1.3.10}{\376\377\000c\000o\000n\000t\000r\000o\000l\000T\000r\000a\000n\000s\000f\000e\000r\000R\000e\000q\000u\000e\000s\000t}{subsection.4.1.3}% 42
\BOOKMARK [3][-]{subsubsection.4.1.3.11}{\376\377\000c\000o\000n\000t\000r\000o\000l\000T\000r\000a\000n\000s\000f\000e\000r\000V\000a\000l\000u\000e}{subsection.4.1.3}% 43
\BOOKMARK [3][-]{subsubsection.4.1.3.12}{\376\377\000d\000e\000v\000i\000c\000e\000P\000I\000D}{subsection.4.1.3}% 44
\BOOKMARK [3][-]{subsubsection.4.1.3.13}{\376\377\000d\000e\000v\000i\000c\000e\000V\000I\000D}{subsection.4.1.3}% 45
\BOOKMARK [3][-]{subsubsection.4.1.3.14}{\376\377\000d\000i\000s\000p\000l\000a\000y\000H\000e\000x\000O\000r\000P\000l\000a\000i\000n\000T\000e\000x\000t}{subsection.4.1.3}% 46
\BOOKMARK [3][-]{subsubsection.4.1.3.15}{\376\377\000r\000e\000q\000u\000e\000s\000t\000D\000e\000s\000t\000i\000n\000a\000t\000i\000o\000n}{subsection.4.1.3}% 47
\BOOKMARK [3][-]{subsubsection.4.1.3.16}{\376\377\000r\000e\000q\000u\000e\000s\000t\000T\000y\000p\000e}{subsection.4.1.3}% 48
\BOOKMARK [1][-]{section.4.2}{\376\377\000C\000T\000N\000u\000m\000b\000e\000r\000T\000o\000H\000e\000x\000S\000t\000r\000i\000n\000g\000T\000r\000a\000n\000s\000f\000o\000r\000m\000e\000r\000\040\000C\000l\000a\000s\000s\000\040\000R\000e\000f\000e\000r\000e\000n\000c\000e}{chapter.4}% 49
\BOOKMARK [2][-]{subsection.4.2.1}{\376\377\000M\000e\000t\000h\000o\000d\000\040\000D\000o\000c\000u\000m\000e\000n\000t\000a\000t\000i\000o\000n}{section.4.2}% 50
\BOOKMARK [3][-]{subsubsection.4.2.1.1}{\376\377\000a\000l\000l\000o\000w\000s\000R\000e\000v\000e\000r\000s\000e\000T\000r\000a\000n\000s\000f\000o\000r\000m\000a\000t\000i\000o\000n}{subsection.4.2.1}% 51
\BOOKMARK [3][-]{subsubsection.4.2.1.2}{\376\377\000r\000e\000v\000e\000r\000s\000e\000T\000r\000a\000n\000s\000f\000o\000r\000m\000e\000d\000V\000a\000l\000u\000e\000:}{subsection.4.2.1}% 52
\BOOKMARK [3][-]{subsubsection.4.2.1.3}{\376\377\000t\000r\000a\000n\000s\000f\000o\000r\000m\000e\000d\000V\000a\000l\000u\000e\000:}{subsection.4.2.1}% 53
\BOOKMARK [3][-]{subsubsection.4.2.1.4}{\376\377\000t\000r\000a\000n\000s\000f\000o\000r\000m\000e\000d\000V\000a\000l\000u\000e\000C\000l\000a\000s\000s}{subsection.4.2.1}% 54
\BOOKMARK [1][-]{section.4.3}{\376\377\000C\000T\000N\000u\000m\000b\000e\000r\000T\000o\000S\000t\000r\000i\000n\000g\000F\000o\000r\000m\000a\000t\000t\000e\000r\000\040\000C\000l\000a\000s\000s\000\040\000R\000e\000f\000e\000r\000e\000n\000c\000e}{chapter.4}% 55
\BOOKMARK [2][-]{subsection.4.3.1}{\376\377\000M\000e\000t\000h\000o\000d\000\040\000D\000o\000c\000u\000m\000e\000n\000t\000a\000t\000i\000o\000n}{section.4.3}% 56
\BOOKMARK [3][-]{subsubsection.4.3.1.1}{\376\377\000a\000l\000l\000o\000w\000s\000R\000e\000v\000e\000r\000s\000e\000T\000r\000a\000n\000s\000f\000o\000r\000m\000a\000t\000i\000o\000n}{subsection.4.3.1}% 57
\BOOKMARK [3][-]{subsubsection.4.3.1.2}{\376\377\000r\000e\000v\000e\000r\000s\000e\000T\000r\000a\000n\000s\000f\000o\000r\000m\000e\000d\000V\000a\000l\000u\000e\000:}{subsection.4.3.1}% 58
\BOOKMARK [3][-]{subsubsection.4.3.1.3}{\376\377\000t\000r\000a\000n\000s\000f\000o\000r\000m\000e\000d\000V\000a\000l\000u\000e\000:}{subsection.4.3.1}% 59
\BOOKMARK [3][-]{subsubsection.4.3.1.4}{\376\377\000t\000r\000a\000n\000s\000f\000o\000r\000m\000e\000d\000V\000a\000l\000u\000e\000C\000l\000a\000s\000s}{subsection.4.3.1}% 60
\BOOKMARK [0][-]{chapter.5}{\376\377\000F\000i\000l\000e\000\040\000D\000o\000c\000u\000m\000e\000n\000t\000a\000t\000i\000o\000n}{}% 61
\BOOKMARK [1][-]{section.5.1}{\376\377\000U\000S\000B\000\040\000T\000o\000o\000l\000b\000o\000x\000/\000C\000T\000A\000p\000p\000D\000e\000l\000e\000g\000a\000t\000e\000.\000h\000\040\000F\000i\000l\000e\000\040\000R\000e\000f\000e\000r\000e\000n\000c\000e}{chapter.5}% 62
\BOOKMARK [2][-]{subsection.5.1.1}{\376\377\000M\000a\000c\000r\000o\000\040\000D\000e\000f\000i\000n\000i\000t\000i\000o\000n\000\040\000D\000o\000c\000u\000m\000e\000n\000t\000a\000t\000i\000o\000n}{section.5.1}% 63
\BOOKMARK [3][-]{subsubsection.5.1.1.1}{\376\377\000C\000T\000\137\000D\000I\000S\000P\000L\000A\000Y\000\137\000H\000E\000X}{subsection.5.1.1}% 64
\BOOKMARK [3][-]{subsubsection.5.1.1.2}{\376\377\000C\000T\000\137\000D\000I\000S\000P\000L\000A\000Y\000\137\000P\000L\000A\000I\000N\000\137\000T\000E\000X\000T}{subsection.5.1.1}% 65
\BOOKMARK [1][-]{section.5.2}{\376\377\000U\000S\000B\000\040\000T\000o\000o\000l\000b\000o\000x\000/\000C\000T\000A\000p\000p\000D\000e\000l\000e\000g\000a\000t\000e\000.\000m\000\040\000F\000i\000l\000e\000\040\000R\000e\000f\000e\000r\000e\000n\000c\000e}{chapter.5}% 66
\BOOKMARK [2][-]{subsection.5.2.1}{\376\377\000V\000a\000r\000i\000a\000b\000l\000e\000\040\000D\000o\000c\000u\000m\000e\000n\000t\000a\000t\000i\000o\000n}{section.5.2}% 67
\BOOKMARK [3][-]{subsubsection.5.2.1.1}{\376\377\000C\000T\000D\000e\000f\000a\000u\000l\000t\000\137\000b\000m\000R\000e\000q\000u\000e\000s\000t\000D\000e\000s\000t\000i\000n\000a\000t\000i\000o\000n\000\137\000K\000e\000y}{subsection.5.2.1}% 68
\BOOKMARK [3][-]{subsubsection.5.2.1.2}{\376\377\000C\000T\000D\000e\000f\000a\000u\000l\000t\000\137\000b\000m\000R\000e\000q\000u\000e\000s\000t\000T\000y\000p\000e\000\137\000K\000e\000y}{subsection.5.2.1}% 69
\BOOKMARK [3][-]{subsubsection.5.2.1.3}{\376\377\000C\000T\000D\000e\000f\000a\000u\000l\000t\000\137\000b\000R\000e\000q\000u\000e\000s\000t\000\137\000K\000e\000y}{subsection.5.2.1}% 70
\BOOKMARK [3][-]{subsubsection.5.2.1.4}{\376\377\000C\000T\000D\000e\000f\000a\000u\000l\000t\000\137\000b\000u\000l\000k\000T\000r\000a\000n\000s\000f\000e\000r\000L\000e\000n\000g\000t\000h\000\137\000K\000e\000y}{subsection.5.2.1}% 71
\BOOKMARK [3][-]{subsubsection.5.2.1.5}{\376\377\000C\000T\000D\000e\000f\000a\000u\000l\000t\000\137\000C\000o\000n\000s\000o\000l\000e\000B\000a\000c\000k\000g\000r\000o\000u\000n\000d\000C\000o\000l\000o\000r\000\137\000K\000e\000y}{subsection.5.2.1}% 72
\BOOKMARK [3][-]{subsubsection.5.2.1.6}{\376\377\000C\000T\000D\000e\000f\000a\000u\000l\000t\000\137\000C\000o\000n\000s\000o\000l\000e\000D\000a\000t\000a\000T\000e\000x\000t\000C\000o\000l\000o\000r\000\137\000K\000e\000y}{subsection.5.2.1}% 73
\BOOKMARK [3][-]{subsubsection.5.2.1.7}{\376\377\000C\000T\000D\000e\000f\000a\000u\000l\000t\000\137\000C\000o\000n\000s\000o\000l\000e\000E\000r\000r\000o\000r\000T\000e\000x\000t\000C\000o\000l\000o\000r\000\137\000K\000e\000y}{subsection.5.2.1}% 74
\BOOKMARK [3][-]{subsubsection.5.2.1.8}{\376\377\000C\000T\000D\000e\000f\000a\000u\000l\000t\000\137\000C\000o\000n\000s\000o\000l\000e\000I\000n\000f\000o\000r\000m\000a\000t\000i\000o\000n\000T\000e\000x\000t\000C\000o\000l\000o\000r\000\137\000K\000e\000y}{subsection.5.2.1}% 75
\BOOKMARK [3][-]{subsubsection.5.2.1.9}{\376\377\000C\000T\000D\000e\000f\000a\000u\000l\000t\000\137\000D\000i\000s\000p\000l\000a\000y\000H\000e\000x\000O\000r\000P\000l\000a\000i\000n\000T\000e\000x\000t\000\137\000K\000e\000y}{subsection.5.2.1}% 76
\BOOKMARK [3][-]{subsubsection.5.2.1.10}{\376\377\000C\000T\000D\000e\000f\000a\000u\000l\000t\000\137\000e\000n\000d\000p\000o\000i\000n\000t\000\137\000K\000e\000y}{subsection.5.2.1}% 77
\BOOKMARK [3][-]{subsubsection.5.2.1.11}{\376\377\000C\000T\000D\000e\000f\000a\000u\000l\000t\000\137\000P\000I\000D\000\137\000K\000e\000y}{subsection.5.2.1}% 78
\BOOKMARK [3][-]{subsubsection.5.2.1.12}{\376\377\000C\000T\000D\000e\000f\000a\000u\000l\000t\000\137\000V\000I\000D\000\137\000K\000e\000y}{subsection.5.2.1}% 79
\BOOKMARK [3][-]{subsubsection.5.2.1.13}{\376\377\000C\000T\000D\000e\000f\000a\000u\000l\000t\000\137\000w\000I\000n\000d\000e\000x\000\137\000K\000e\000y}{subsection.5.2.1}% 80
\BOOKMARK [3][-]{subsubsection.5.2.1.14}{\376\377\000C\000T\000D\000e\000f\000a\000u\000l\000t\000\137\000w\000L\000e\000n\000g\000t\000h\000\137\000K\000e\000y}{subsection.5.2.1}% 81
\BOOKMARK [3][-]{subsubsection.5.2.1.15}{\376\377\000C\000T\000D\000e\000f\000a\000u\000l\000t\000\137\000w\000V\000a\000l\000u\000e\000\137\000K\000e\000y}{subsection.5.2.1}% 82
\BOOKMARK [1][-]{section.5.3}{\376\377\000U\000S\000B\000\040\000T\000o\000o\000l\000b\000o\000x\000/\000C\000T\000N\000u\000m\000b\000e\000r\000T\000o\000H\000e\000x\000S\000t\000r\000i\000n\000g\000T\000r\000a\000n\000s\000f\000o\000r\000m\000e\000r\000.\000h\000\040\000F\000i\000l\000e\000\040\000R\000e\000f\000e\000r\000e\000n\000c\000e}{chapter.5}% 83
\BOOKMARK [1][-]{section.5.4}{\376\377\000U\000S\000B\000\040\000T\000o\000o\000l\000b\000o\000x\000/\000C\000T\000N\000u\000m\000b\000e\000r\000T\000o\000H\000e\000x\000S\000t\000r\000i\000n\000g\000T\000r\000a\000n\000s\000f\000o\000r\000m\000e\000r\000.\000m\000\040\000F\000i\000l\000e\000\040\000R\000e\000f\000e\000r\000e\000n\000c\000e}{chapter.5}% 84
\BOOKMARK [1][-]{section.5.5}{\376\377\000U\000S\000B\000\040\000T\000o\000o\000l\000b\000o\000x\000/\000C\000T\000N\000u\000m\000b\000e\000r\000T\000o\000S\000t\000r\000i\000n\000g\000F\000o\000r\000m\000a\000t\000t\000e\000r\000.\000h\000\040\000F\000i\000l\000e\000\040\000R\000e\000f\000e\000r\000e\000n\000c\000e}{chapter.5}% 85
\BOOKMARK [1][-]{section.5.6}{\376\377\000U\000S\000B\000\040\000T\000o\000o\000l\000b\000o\000x\000/\000C\000T\000N\000u\000m\000b\000e\000r\000T\000o\000S\000t\000r\000i\000n\000g\000F\000o\000r\000m\000a\000t\000t\000e\000r\000.\000m\000\040\000F\000i\000l\000e\000\040\000R\000e\000f\000e\000r\000e\000n\000c\000e}{chapter.5}% 86
\BOOKMARK [1][-]{section.5.7}{\376\377\000U\000S\000B\000\040\000T\000o\000o\000l\000b\000o\000x\000/\000m\000a\000i\000n\000.\000m\000\040\000F\000i\000l\000e\000\040\000R\000e\000f\000e\000r\000e\000n\000c\000e}{chapter.5}% 87
\BOOKMARK [2][-]{subsection.5.7.1}{\376\377\000F\000u\000n\000c\000t\000i\000o\000n\000\040\000D\000o\000c\000u\000m\000e\000n\000t\000a\000t\000i\000o\000n}{section.5.7}% 88
\BOOKMARK [3][-]{subsubsection.5.7.1.1}{\376\377\000m\000a\000i\000n}{subsection.5.7.1}% 89
\BOOKMARK [-1][-]{subsubsection.5.7.1.1}{\376\377\000I\000n\000d\000e\000x}{}% 90
